0 info it worked if it ends with ok
1 verbose cli [ '/home/stan/local/node/bin/node',
1 verbose cli   '/home/stan/local/node/bin/npm',
1 verbose cli   'run',
1 verbose cli   'dev' ]
2 info using npm@2.10.1
3 info using node@v0.12.4
4 verbose stack Error: ENOENT, open '/home/stan/work/gitoffer/package.json'
4 verbose stack     at Error (native)
5 verbose cwd /home/stan/work/gitoffer
6 error Linux 3.19.0-15-generic
7 error argv "/home/stan/local/node/bin/node" "/home/stan/local/node/bin/npm" "run" "dev"
8 error node v0.12.4
9 error npm  v2.10.1
10 error path /home/stan/work/gitoffer/package.json
11 error code ENOENT
12 error errno -2
13 error enoent ENOENT, open '/home/stan/work/gitoffer/package.json'
13 error enoent This is most likely not a problem with npm itself
13 error enoent and is related to npm not being able to find a file.
14 verbose exit [ -2, true ]
