0 info it worked if it ends with ok
1 verbose cli [ 'c:\\nodejs\\node.exe',
1 verbose cli   'c:\\nodejs\\node_modules\\npm\\bin\\npm-cli.js',
1 verbose cli   'run',
1 verbose cli   'bin/www' ]
2 info using npm@2.10.1
3 info using node@v0.12.4
4 verbose stack Error: missing script: bin/www
4 verbose stack     at run (c:\nodejs\node_modules\npm\lib\run-script.js:142:19)
4 verbose stack     at c:\nodejs\node_modules\npm\lib\run-script.js:58:5
4 verbose stack     at c:\nodejs\node_modules\npm\node_modules\read-package-json\read-json.js:345:5
4 verbose stack     at checkBinReferences_ (c:\nodejs\node_modules\npm\node_modules\read-package-json\read-json.js:309:45)
4 verbose stack     at final (c:\nodejs\node_modules\npm\node_modules\read-package-json\read-json.js:343:3)
4 verbose stack     at then (c:\nodejs\node_modules\npm\node_modules\read-package-json\read-json.js:113:5)
4 verbose stack     at c:\nodejs\node_modules\npm\node_modules\read-package-json\read-json.js:232:12
4 verbose stack     at evalmachine.<anonymous>:334:14
4 verbose stack     at c:\nodejs\node_modules\npm\node_modules\graceful-fs\graceful-fs.js:102:5
4 verbose stack     at FSReqWrap.oncomplete (evalmachine.<anonymous>:95:15)
5 verbose cwd c:\work\gitoffer\gitoffer.com
6 error Windows_NT 6.3.9600
7 error argv "c:\\nodejs\\node.exe" "c:\\nodejs\\node_modules\\npm\\bin\\npm-cli.js" "run" "bin/www"
8 error node v0.12.4
9 error npm  v2.10.1
10 error missing script: bin/www
11 error If you need help, you may report this error at:
11 error     <https://github.com/npm/npm/issues>
12 verbose exit [ 1, true ]
